<?xml version="1.0" encoding="UTF-8"?>
<!-- Generated by org.testng.reporters.JUnitReportReporter -->
<testsuite hostname="Manikandan" failures="0" tests="1" name="TestNg.ToLearnTestNg" time="0.020" errors="0" timestamp="2024-10-18T09:48:35 IST" skipped="0">
  <testcase classname="TestNg.ToLearnTestNg" name="demo" time="0.020"/>
  <system-out>
    <![CDATA[Welcome to advanced selenium]]>
  </system-out>
</testsuite> <!-- TestNg.ToLearnTestNg -->
