<?xml version="1.0" encoding="UTF-8"?>
<!-- Generated by org.testng.reporters.JUnitReportReporter -->
<testsuite hostname="Manikandan" failures="0" tests="1" name="Cars.Jaguar" time="10.913" errors="0" timestamp="2024-11-04T16:29:21 IST" skipped="0">
  <testcase classname="Cars.Jaguar" name="launch" time="10.913"/>
  <system-out>
    <![CDATA[Jaguar Launched Successfully]]>
  </system-out>
</testsuite> <!-- Cars.Jaguar -->
