<?xml version="1.0" encoding="UTF-8"?>
<!-- Generated by org.testng.reporters.JUnitReportReporter -->
<testsuite hostname="Manikandan" failures="0" tests="1" name="Cars.BMW" time="7.693" errors="0" timestamp="2024-11-04T16:29:21 IST" skipped="0">
  <testcase classname="Cars.BMW" name="launch" time="7.693"/>
  <system-out>
    <![CDATA[BMW Launched Successfully]]>
  </system-out>
</testsuite> <!-- Cars.BMW -->
