<?xml version="1.0" encoding="UTF-8"?>
<!-- Generated by org.testng.reporters.JUnitReportReporter -->
<testsuite hostname="Manikandan" failures="0" tests="11" name="TestNg.Sample" time="82.674" errors="0" timestamp="2024-10-19T09:32:58 IST" skipped="0">
  <testcase classname="TestNg.Sample" name="register" time="4.982"/>
  <system-out>
    <![CDATA[register successfull]]>
  </system-out>
  <testcase classname="TestNg.Sample" name="login" time="7.979"/>
  <system-out>
    <![CDATA[login successfull]]>
  </system-out>
  <testcase classname="TestNg.Sample" name="login" time="7.574"/>
  <system-out>
    <![CDATA[login successfull]]>
  </system-out>
  <testcase classname="TestNg.Sample" name="login" time="8.525"/>
  <system-out>
    <![CDATA[login successfull]]>
  </system-out>
  <testcase classname="TestNg.Sample" name="login" time="7.030"/>
  <system-out>
    <![CDATA[login successfull]]>
  </system-out>
  <testcase classname="TestNg.Sample" name="login" time="6.365"/>
  <system-out>
    <![CDATA[login successfull]]>
  </system-out>
  <testcase classname="TestNg.Sample" name="login" time="7.654"/>
  <system-out>
    <![CDATA[login successfull]]>
  </system-out>
  <testcase classname="TestNg.Sample" name="login" time="8.556"/>
  <system-out>
    <![CDATA[login successfull]]>
  </system-out>
  <testcase classname="TestNg.Sample" name="login" time="8.669"/>
  <system-out>
    <![CDATA[login successfull]]>
  </system-out>
  <testcase classname="TestNg.Sample" name="login" time="8.469"/>
  <system-out>
    <![CDATA[login successfull]]>
  </system-out>
  <testcase classname="TestNg.Sample" name="login" time="6.871"/>
  <system-out>
    <![CDATA[login successfull]]>
  </system-out>
</testsuite> <!-- TestNg.Sample -->
