<?xml version="1.0" encoding="UTF-8"?>
<!-- Generated by org.testng.reporters.JUnitReportReporter -->
<testsuite hostname="Manikandan" failures="0" tests="1" name="Assignment48.Kawasaki" time="12.203" errors="0" timestamp="2024-10-23T08:35:04 IST" skipped="0">
  <testcase classname="Assignment48.Kawasaki" name="Launch" time="12.203"/>
  <system-out>
    <![CDATA[kawasaki launched succesfully]]>
  </system-out>
</testsuite> <!-- Assignment48.Kawasaki -->
