<?xml version="1.0" encoding="UTF-8"?>
<!-- Generated by org.testng.reporters.JUnitReportReporter -->
<testsuite hostname="Manikandan" failures="0" tests="1" name="Assertion.ToLearnHardAssert" time="10.886" errors="0" timestamp="2024-10-25T09:27:07 IST" skipped="0">
  <testcase classname="Assertion.ToLearnHardAssert" name="login" time="10.886"/>
  <system-out>
    <![CDATA[Welcome page should be displayed
Login page Should Be Displayed
Home page is displayed]]>
  </system-out>
</testsuite> <!-- Assertion.ToLearnHardAssert -->
