<?xml version="1.0" encoding="UTF-8"?>
<!-- Generated by org.testng.reporters.JUnitReportReporter -->
<testsuite hostname="Manikandan" failures="0" tests="1" name="Cars.Volvo" time="9.134" errors="0" timestamp="2024-11-04T16:29:21 IST" skipped="0">
  <testcase classname="Cars.Volvo" name="launch" time="9.134"/>
  <system-out>
    <![CDATA[Volvo Launched Successfully]]>
  </system-out>
</testsuite> <!-- Cars.Volvo -->
