<?xml version="1.0" encoding="UTF-8"?>
<!-- Generated by org.testng.reporters.JUnitReportReporter -->
<testsuite hostname="Manikandan" failures="0" tests="1" name="Assignment48.Ducati" time="13.709" errors="0" timestamp="2024-10-23T08:35:04 IST" skipped="0">
  <testcase classname="Assignment48.Ducati" name="launch" time="13.709"/>
  <system-out>
    <![CDATA[Ducati Launched Successfully]]>
  </system-out>
</testsuite> <!-- Assignment48.Ducati -->
