<?xml version="1.0" encoding="UTF-8"?>
<!-- Generated by org.testng.reporters.JUnitReportReporter -->
<testsuite hostname="Manikandan" failures="0" tests="4" name="Assignment.Assignment47" time="0.026" errors="0" timestamp="2024-10-21T11:32:14 IST" skipped="0">
  <testcase classname="Assignment.Assignment47" name="deleteAccount" time="0.003"/>
  <system-out>
    <![CDATA[Account Deleted Sussfully]]>
  </system-out>
  <testcase classname="Assignment.Assignment47" name="createAccount" time="0.019"/>
  <system-out>
    <![CDATA[Account Create Successfully]]>
  </system-out>
  <testcase classname="Assignment.Assignment47" name="deleteAccount" time="0.002"/>
  <system-out>
    <![CDATA[Account Deleted Sussfully]]>
  </system-out>
  <testcase classname="Assignment.Assignment47" name="editAccount" time="0.002"/>
  <system-out>
    <![CDATA[Account Edited]]>
  </system-out>
</testsuite> <!-- Assignment.Assignment47 -->
