<?xml version="1.0" encoding="UTF-8"?>
<!-- Generated by org.testng.reporters.JUnitReportReporter -->
<testsuite hostname="Manikandan" failures="0" tests="1" name="Assignment50.TestScript" time="12.321" errors="0" timestamp="2024-10-24T22:22:51 IST" skipped="0">
  <testcase classname="Assignment50.TestScript" name="ClickOnSales" time="12.321"/>
  <system-out>
    <![CDATA[sales page should not displayed]]>
  </system-out>
</testsuite> <!-- Assignment50.TestScript -->
