<?xml version="1.0" encoding="UTF-8"?>
<!-- Generated by org.testng.reporters.JUnitReportReporter -->
<testsuite hostname="Manikandan" failures="0" tests="1" name="CrossBroswer.Sample" time="5.820" errors="0" timestamp="2024-10-28T09:25:04 IST" skipped="0">
  <testcase classname="CrossBroswer.Sample" name="demo" time="5.820"/>
  <system-out/>
</testsuite> <!-- CrossBroswer.Sample -->
