<?xml version="1.0" encoding="UTF-8"?>
<!-- Generated by org.testng.reporters.JUnitReportReporter -->
<testsuite hostname="Manikandan" failures="0" tests="2" name="TestNg.ConfigurationAnnotations" time="0.017" errors="0" timestamp="2024-10-24T08:59:16 IST" skipped="0">
  <testcase classname="TestNg.ConfigurationAnnotations" name="demo" time="0.014"/>
  <system-out>
    <![CDATA[@test(demo) Executed]]>
  </system-out>
  <testcase classname="TestNg.ConfigurationAnnotations" name="sample" time="0.003"/>
  <system-out>
    <![CDATA[@Test(sample) Executed]]>
  </system-out>
</testsuite> <!-- TestNg.ConfigurationAnnotations -->
