<?xml version="1.0" encoding="UTF-8"?>
<!-- Generated by org.testng.reporters.JUnitReportReporter -->
<testsuite hostname="Manikandan" failures="0" tests="1" name="Assignment49.Honda" time="192.044" errors="0" timestamp="2024-10-23T23:33:33 IST" skipped="0">
  <testcase classname="Assignment49.Honda" name="launch" time="192.044"/>
  <system-out>
    <![CDATA[Honda Launched Succesfully]]>
  </system-out>
</testsuite> <!-- Assignment49.Honda -->
