<?xml version="1.0" encoding="UTF-8"?>
<!-- Generated by org.testng.reporters.JUnitReportReporter -->
<testsuite hostname="Manikandan" failures="0" tests="1" name="Assignment49.Kawasaki" time="209.602" errors="0" timestamp="2024-10-23T23:33:33 IST" skipped="0">
  <testcase classname="Assignment49.Kawasaki" name="launch" time="209.602"/>
  <system-out>
    <![CDATA[Kawasaki Launched Succesfully]]>
  </system-out>
</testsuite> <!-- Assignment49.Kawasaki -->
