<?xml version="1.0" encoding="UTF-8"?>
<!-- Generated by org.testng.reporters.JUnitReportReporter -->
<testsuite hostname="Manikandan" failures="0" tests="1" name="TestNg.TestScript" time="5.245" errors="0" timestamp="2024-10-24T09:42:23 IST" skipped="0">
  <testcase classname="TestNg.TestScript" name="clickOnBooks" time="5.245"/>
  <system-out>
    <![CDATA[Books Page Is Displayed]]>
  </system-out>
</testsuite> <!-- TestNg.TestScript -->
