<?xml version="1.0" encoding="UTF-8"?>
<!-- Generated by org.testng.reporters.JUnitReportReporter -->
<testsuite hostname="Manikandan" failures="0" tests="1" name="Listeners.TestScript" time="2.156" errors="0" timestamp="2024-11-04T10:57:29 IST" skipped="0">
  <testcase classname="Listeners.TestScript" name="login" time="2.156"/>
  <system-out>
    <![CDATA[Home Page Is Displayed]]>
  </system-out>
</testsuite> <!-- Listeners.TestScript -->
