<?xml version="1.0" encoding="UTF-8"?>
<!-- Generated by org.testng.reporters.JUnitReportReporter -->
<testsuite hostname="Manikandan" failures="0" tests="1" name="Assignment48.Ktm" time="28.761" errors="0" timestamp="2024-10-23T08:35:04 IST" skipped="0">
  <testcase classname="Assignment48.Ktm" name="launch" time="28.761"/>
  <system-out>
    <![CDATA[KTM launched succesfully]]>
  </system-out>
</testsuite> <!-- Assignment48.Ktm -->
