<?xml version="1.0" encoding="UTF-8"?>
<!-- Generated by org.testng.reporters.JUnitReportReporter -->
<testsuite hostname="Manikandan" failures="0" tests="4" name="DataProvider.ToLearnDataProvider" time="48.285" errors="0" timestamp="2024-10-28T10:53:31 IST" skipped="0">
  <testcase classname="DataProvider.ToLearnDataProvider" name="login" time="17.462"/>
  <system-out/>
  <testcase classname="DataProvider.ToLearnDataProvider" name="login" time="13.262"/>
  <system-out/>
  <testcase classname="DataProvider.ToLearnDataProvider" name="login" time="8.862"/>
  <system-out/>
  <testcase classname="DataProvider.ToLearnDataProvider" name="login" time="8.699"/>
  <system-out/>
</testsuite> <!-- DataProvider.ToLearnDataProvider -->
