<?xml version="1.0" encoding="UTF-8"?>
<!-- Generated by org.testng.reporters.JUnitReportReporter -->
<testsuite hostname="Manikandan" failures="0" tests="1" name="Assignment48.Yamaha" time="10.958" errors="0" timestamp="2024-10-23T08:35:04 IST" skipped="0">
  <testcase classname="Assignment48.Yamaha" name="launch" time="10.958"/>
  <system-out>
    <![CDATA[YAMAHA launched succesfully]]>
  </system-out>
</testsuite> <!-- Assignment48.Yamaha -->
