<?xml version="1.0" encoding="UTF-8"?>
<!-- Generated by org.testng.reporters.JUnitReportReporter -->
<testsuite hostname="Manikandan" failures="0" tests="1" name="Assertion.ToLearnSoftAssert" time="13.565" errors="0" timestamp="2024-10-25T12:48:00 IST" skipped="0">
  <testcase classname="Assertion.ToLearnSoftAssert" name="login" time="13.565"/>
  <system-out>
    <![CDATA[Welcome page should be displayed
Login page should be displayed
Home Page Should Be Displayed]]>
  </system-out>
</testsuite> <!-- Assertion.ToLearnSoftAssert -->
