<?xml version="1.0" encoding="UTF-8"?>
<!-- Generated by org.testng.reporters.JUnitReportReporter -->
<testsuite hostname="Manikandan" failures="0" tests="1" name="CrossBroswer.ToLearnCrossBrowserTesting" time="5.456" errors="0" timestamp="2024-10-28T09:27:43 IST" skipped="0">
  <testcase classname="CrossBroswer.ToLearnCrossBrowserTesting" name="launch" time="5.456"/>
  <system-out/>
</testsuite> <!-- CrossBroswer.ToLearnCrossBrowserTesting -->
