<?xml version="1.0" encoding="UTF-8"?>
<!-- Generated by org.testng.reporters.JUnitReportReporter -->
<testsuite hostname="Manikandan" failures="0" tests="3" name="Assignment.Assignment52" time="21.206" errors="0" timestamp="2024-10-28T08:13:45 IST" skipped="0">
  <testcase classname="Assignment.Assignment52" name="register" time="10.214"/>
  <system-out/>
  <testcase classname="Assignment.Assignment52" name="register" time="5.415"/>
  <system-out/>
  <testcase classname="Assignment.Assignment52" name="register" time="5.577"/>
  <system-out/>
</testsuite> <!-- Assignment.Assignment52 -->
